<?xml version="1.0" encoding="UTF-8"?>
<!-- Generated by org.testng.reporters.JUnitXMLReporter -->
<testsuite ignored="0" hostname="Jeet-Sunil" failures="1" tests="1" name="Test" time="0.03" errors="0" timestamp="2023-05-24T16:11:18 IST">
  <testcase classname="testSuite.SignIn1" name="signIn" time="0.0">
    <failure type="org.testng.TestNGException" message="
Method public static void testSuite.SignIn1.signIn(java.lang.String,java.lang.String) requires a @DataProvider named : createData1">
      <![CDATA[org.testng.TestNGException: 
Method public static void testSuite.SignIn1.signIn(java.lang.String,java.lang.String) requires a @DataProvider named : createData1
at java.base/java.util.ArrayList.forEach(ArrayList.java:1511)
... Removed 24 stack frames]]>
    </failure>
  </testcase> <!-- signIn -->
</testsuite> <!-- Test -->
