<?xml version="1.0" encoding="UTF-8"?>
<testng-results ignored="0" total="1" passed="1" failed="0" skipped="0">
  <reporter-output>
  </reporter-output>
  <suite started-at="2023-05-27T15:36:51 IST" name="Default suite" finished-at="2023-05-27T15:36:51 IST" duration-ms="110">
    <groups>
    </groups>
    <test started-at="2023-05-27T15:36:51 IST" name="Default test" finished-at="2023-05-27T15:36:51 IST" duration-ms="110">
      <class name="reportingToll.Log12345">
        <test-method signature="test1()[pri:0, instance:reportingToll.Log12345@31e5415e]" started-at="2023-05-27T15:36:51 IST" name="test1" finished-at="2023-05-27T15:36:51 IST" duration-ms="70" status="PASS">
          <reporter-output>
          </reporter-output>
        </test-method> <!-- test1 -->
      </class> <!-- reportingToll.Log12345 -->
    </test> <!-- Default test -->
  </suite> <!-- Default suite -->
</testng-results>
